{"C:\\Javascript\\react\\expensify-app\\src\\actions\\expenses.js": {"path":"C:\\Javascript\\react\\expensify-app\\src\\actions\\expenses.js","statementMap":{"0":{"start":{"line":4,"column":26},"end":{"line":20,"column":2}},"1":{"start":{"line":11,"column":6},"end":{"line":20,"column":1}},"2":{"start":{"line":23,"column":29},"end":{"line":26,"column":2}},"3":{"start":{"line":23,"column":47},"end":{"line":26,"column":1}},"4":{"start":{"line":29,"column":27},"end":{"line":33,"column":2}},"5":{"start":{"line":29,"column":45},"end":{"line":33,"column":1}}},"fnMap":{"0":{"name":"(anonymous_0)","decl":{"start":{"line":4,"column":26},"end":{"line":4,"column":27}},"loc":{"start":{"line":11,"column":6},"end":{"line":20,"column":1}},"line":11},"1":{"name":"(anonymous_1)","decl":{"start":{"line":23,"column":29},"end":{"line":23,"column":30}},"loc":{"start":{"line":23,"column":47},"end":{"line":26,"column":1}},"line":23},"2":{"name":"(anonymous_2)","decl":{"start":{"line":29,"column":27},"end":{"line":29,"column":28}},"loc":{"start":{"line":29,"column":45},"end":{"line":33,"column":1}},"line":29}},"branchMap":{"0":{"loc":{"start":{"line":5,"column":4},"end":{"line":10,"column":10}},"type":"default-arg","locations":[{"start":{"line":10,"column":8},"end":{"line":10,"column":10}}],"line":5},"1":{"loc":{"start":{"line":6,"column":8},"end":{"line":6,"column":24}},"type":"default-arg","locations":[{"start":{"line":6,"column":22},"end":{"line":6,"column":24}}],"line":6},"2":{"loc":{"start":{"line":7,"column":8},"end":{"line":7,"column":17}},"type":"default-arg","locations":[{"start":{"line":7,"column":15},"end":{"line":7,"column":17}}],"line":7},"3":{"loc":{"start":{"line":8,"column":8},"end":{"line":8,"column":18}},"type":"default-arg","locations":[{"start":{"line":8,"column":17},"end":{"line":8,"column":18}}],"line":8},"4":{"loc":{"start":{"line":9,"column":8},"end":{"line":9,"column":21}},"type":"default-arg","locations":[{"start":{"line":9,"column":20},"end":{"line":9,"column":21}}],"line":9},"5":{"loc":{"start":{"line":23,"column":30},"end":{"line":23,"column":41}},"type":"default-arg","locations":[{"start":{"line":23,"column":39},"end":{"line":23,"column":41}}],"line":23}},"s":{"0":3,"1":2,"2":3,"3":2,"4":3,"5":1},"f":{"0":2,"1":2,"2":1},"b":{"0":[1],"1":[1],"2":[1],"3":[1],"4":[1],"5":[1]},"_coverageSchema":"1a1c01bbd47fc00a2c39e90264f33305004495a9","hash":"4ef3dc0f9ad3c626af2204154924bb19301a217b"}
,"C:\\Javascript\\react\\expensify-app\\src\\actions\\filters.js": {"path":"C:\\Javascript\\react\\expensify-app\\src\\actions\\filters.js","statementMap":{"0":{"start":{"line":3,"column":29},"end":{"line":6,"column":2}},"1":{"start":{"line":3,"column":45},"end":{"line":6,"column":1}},"2":{"start":{"line":9,"column":26},"end":{"line":11,"column":2}},"3":{"start":{"line":9,"column":33},"end":{"line":11,"column":1}},"4":{"start":{"line":14,"column":28},"end":{"line":16,"column":2}},"5":{"start":{"line":14,"column":35},"end":{"line":16,"column":1}},"6":{"start":{"line":19,"column":28},"end":{"line":22,"column":2}},"7":{"start":{"line":19,"column":39},"end":{"line":22,"column":1}},"8":{"start":{"line":25,"column":26},"end":{"line":28,"column":2}},"9":{"start":{"line":25,"column":37},"end":{"line":28,"column":1}}},"fnMap":{"0":{"name":"(anonymous_0)","decl":{"start":{"line":3,"column":29},"end":{"line":3,"column":30}},"loc":{"start":{"line":3,"column":45},"end":{"line":6,"column":1}},"line":3},"1":{"name":"(anonymous_1)","decl":{"start":{"line":9,"column":26},"end":{"line":9,"column":27}},"loc":{"start":{"line":9,"column":33},"end":{"line":11,"column":1}},"line":9},"2":{"name":"(anonymous_2)","decl":{"start":{"line":14,"column":28},"end":{"line":14,"column":29}},"loc":{"start":{"line":14,"column":35},"end":{"line":16,"column":1}},"line":14},"3":{"name":"(anonymous_3)","decl":{"start":{"line":19,"column":28},"end":{"line":19,"column":29}},"loc":{"start":{"line":19,"column":39},"end":{"line":22,"column":1}},"line":19},"4":{"name":"(anonymous_4)","decl":{"start":{"line":25,"column":26},"end":{"line":25,"column":27}},"loc":{"start":{"line":25,"column":37},"end":{"line":28,"column":1}},"line":25}},"branchMap":{"0":{"loc":{"start":{"line":3,"column":30},"end":{"line":3,"column":39}},"type":"default-arg","locations":[{"start":{"line":3,"column":37},"end":{"line":3,"column":39}}],"line":3}},"s":{"0":3,"1":2,"2":3,"3":1,"4":3,"5":1,"6":3,"7":1,"8":3,"9":1},"f":{"0":2,"1":1,"2":1,"3":1,"4":1},"b":{"0":[1]},"_coverageSchema":"1a1c01bbd47fc00a2c39e90264f33305004495a9","hash":"196af39e61a57cb89f0f6b9f3a12431e4d8b1e4e"}
,"C:\\Javascript\\react\\expensify-app\\src\\components\\AddExpensePage.js": {"path":"C:\\Javascript\\react\\expensify-app\\src\\components\\AddExpensePage.js","statementMap":{"0":{"start":{"line":7,"column":15},"end":{"line":10,"column":5}},"1":{"start":{"line":8,"column":8},"end":{"line":8,"column":38}},"2":{"start":{"line":9,"column":8},"end":{"line":9,"column":36}},"3":{"start":{"line":13,"column":8},"end":{"line":18,"column":9}},"4":{"start":{"line":22,"column":27},"end":{"line":24,"column":2}},"5":{"start":{"line":22,"column":42},"end":{"line":24,"column":1}},"6":{"start":{"line":23,"column":29},"end":{"line":23,"column":58}}},"fnMap":{"0":{"name":"(anonymous_0)","decl":{"start":{"line":7,"column":15},"end":{"line":7,"column":16}},"loc":{"start":{"line":7,"column":28},"end":{"line":10,"column":5}},"line":7},"1":{"name":"(anonymous_1)","decl":{"start":{"line":12,"column":4},"end":{"line":12,"column":5}},"loc":{"start":{"line":12,"column":13},"end":{"line":19,"column":5}},"line":12},"2":{"name":"(anonymous_2)","decl":{"start":{"line":22,"column":27},"end":{"line":22,"column":28}},"loc":{"start":{"line":22,"column":42},"end":{"line":24,"column":1}},"line":22},"3":{"name":"(anonymous_3)","decl":{"start":{"line":23,"column":16},"end":{"line":23,"column":17}},"loc":{"start":{"line":23,"column":29},"end":{"line":23,"column":58}},"line":23}},"branchMap":{},"s":{"0":2,"1":1,"2":1,"3":2,"4":1,"5":0,"6":0},"f":{"0":1,"1":2,"2":0,"3":0},"b":{},"_coverageSchema":"1a1c01bbd47fc00a2c39e90264f33305004495a9","hash":"ecf184d7b6510a05d0de46e069e4d73da76e2b8e"}
,"C:\\Javascript\\react\\expensify-app\\src\\components\\EditExpensePage.js": {"path":"C:\\Javascript\\react\\expensify-app\\src\\components\\EditExpensePage.js","statementMap":{"0":{"start":{"line":8,"column":15},"end":{"line":11,"column":5}},"1":{"start":{"line":9,"column":8},"end":{"line":9,"column":62}},"2":{"start":{"line":10,"column":8},"end":{"line":10,"column":36}},"3":{"start":{"line":13,"column":14},"end":{"line":16,"column":5}},"4":{"start":{"line":14,"column":8},"end":{"line":14,"column":63}},"5":{"start":{"line":15,"column":8},"end":{"line":15,"column":36}},"6":{"start":{"line":19,"column":8},"end":{"line":29,"column":9}},"7":{"start":{"line":33,"column":24},"end":{"line":39,"column":1}},"8":{"start":{"line":34,"column":4},"end":{"line":38,"column":5}},"9":{"start":{"line":36,"column":12},"end":{"line":36,"column":55}},"10":{"start":{"line":41,"column":27},"end":{"line":44,"column":2}},"11":{"start":{"line":41,"column":49},"end":{"line":44,"column":1}},"12":{"start":{"line":42,"column":34},"end":{"line":42,"column":68}},"13":{"start":{"line":43,"column":29},"end":{"line":43,"column":58}}},"fnMap":{"0":{"name":"(anonymous_0)","decl":{"start":{"line":8,"column":15},"end":{"line":8,"column":16}},"loc":{"start":{"line":8,"column":28},"end":{"line":11,"column":5}},"line":8},"1":{"name":"(anonymous_1)","decl":{"start":{"line":13,"column":14},"end":{"line":13,"column":15}},"loc":{"start":{"line":13,"column":20},"end":{"line":16,"column":5}},"line":13},"2":{"name":"(anonymous_2)","decl":{"start":{"line":18,"column":4},"end":{"line":18,"column":5}},"loc":{"start":{"line":18,"column":12},"end":{"line":30,"column":5}},"line":18},"3":{"name":"(anonymous_3)","decl":{"start":{"line":33,"column":24},"end":{"line":33,"column":25}},"loc":{"start":{"line":33,"column":42},"end":{"line":39,"column":1}},"line":33},"4":{"name":"(anonymous_4)","decl":{"start":{"line":35,"column":37},"end":{"line":35,"column":38}},"loc":{"start":{"line":35,"column":50},"end":{"line":37,"column":9}},"line":35},"5":{"name":"(anonymous_5)","decl":{"start":{"line":41,"column":27},"end":{"line":41,"column":28}},"loc":{"start":{"line":41,"column":49},"end":{"line":44,"column":1}},"line":41},"6":{"name":"(anonymous_6)","decl":{"start":{"line":42,"column":17},"end":{"line":42,"column":18}},"loc":{"start":{"line":42,"column":34},"end":{"line":42,"column":68}},"line":42},"7":{"name":"(anonymous_7)","decl":{"start":{"line":43,"column":19},"end":{"line":43,"column":20}},"loc":{"start":{"line":43,"column":29},"end":{"line":43,"column":58}},"line":43}},"branchMap":{},"s":{"0":3,"1":1,"2":1,"3":3,"4":1,"5":1,"6":3,"7":1,"8":0,"9":0,"10":1,"11":0,"12":0,"13":0},"f":{"0":1,"1":1,"2":3,"3":0,"4":0,"5":0,"6":0,"7":0},"b":{},"_coverageSchema":"1a1c01bbd47fc00a2c39e90264f33305004495a9","hash":"d90fc643f9341aae2540ba88d70be179f0042c15"}
,"C:\\Javascript\\react\\expensify-app\\src\\components\\ExpenseDashboardPage.js": {"path":"C:\\Javascript\\react\\expensify-app\\src\\components\\ExpenseDashboardPage.js","statementMap":{"0":{"start":{"line":5,"column":29},"end":{"line":10,"column":1}},"1":{"start":{"line":6,"column":4},"end":{"line":9,"column":10}}},"fnMap":{"0":{"name":"(anonymous_0)","decl":{"start":{"line":5,"column":29},"end":{"line":5,"column":30}},"loc":{"start":{"line":6,"column":4},"end":{"line":9,"column":10}},"line":6}},"branchMap":{},"s":{"0":1,"1":1},"f":{"0":1},"b":{},"_coverageSchema":"1a1c01bbd47fc00a2c39e90264f33305004495a9","hash":"adc02283bf15b9623c1f31fd38e0f1e9199fce02"}
,"C:\\Javascript\\react\\expensify-app\\src\\components\\ExpenseForm.js": {"path":"C:\\Javascript\\react\\expensify-app\\src\\components\\ExpenseForm.js","statementMap":{"0":{"start":{"line":8,"column":8},"end":{"line":8,"column":20}},"1":{"start":{"line":9,"column":8},"end":{"line":16,"column":9}},"2":{"start":{"line":19,"column":26},"end":{"line":22,"column":5}},"3":{"start":{"line":20,"column":28},"end":{"line":20,"column":42}},"4":{"start":{"line":21,"column":8},"end":{"line":21,"column":46}},"5":{"start":{"line":21,"column":29},"end":{"line":21,"column":44}},"6":{"start":{"line":24,"column":19},"end":{"line":27,"column":5}},"7":{"start":{"line":25,"column":21},"end":{"line":25,"column":35}},"8":{"start":{"line":26,"column":8},"end":{"line":26,"column":39}},"9":{"start":{"line":26,"column":29},"end":{"line":26,"column":37}},"10":{"start":{"line":29,"column":21},"end":{"line":34,"column":5}},"11":{"start":{"line":30,"column":23},"end":{"line":30,"column":37}},"12":{"start":{"line":31,"column":8},"end":{"line":33,"column":9}},"13":{"start":{"line":32,"column":12},"end":{"line":32,"column":45}},"14":{"start":{"line":32,"column":33},"end":{"line":32,"column":43}},"15":{"start":{"line":36,"column":19},"end":{"line":40,"column":5}},"16":{"start":{"line":37,"column":8},"end":{"line":39,"column":9}},"17":{"start":{"line":38,"column":12},"end":{"line":38,"column":48}},"18":{"start":{"line":38,"column":33},"end":{"line":38,"column":46}},"19":{"start":{"line":42,"column":20},"end":{"line":44,"column":5}},"20":{"start":{"line":43,"column":8},"end":{"line":43,"column":59}},"21":{"start":{"line":43,"column":29},"end":{"line":43,"column":57}},"22":{"start":{"line":46,"column":15},"end":{"line":60,"column":5}},"23":{"start":{"line":47,"column":8},"end":{"line":47,"column":26}},"24":{"start":{"line":49,"column":8},"end":{"line":59,"column":9}},"25":{"start":{"line":50,"column":12},"end":{"line":50,"column":84}},"26":{"start":{"line":50,"column":33},"end":{"line":50,"column":82}},"27":{"start":{"line":52,"column":12},"end":{"line":52,"column":48}},"28":{"start":{"line":52,"column":33},"end":{"line":52,"column":46}},"29":{"start":{"line":53,"column":12},"end":{"line":58,"column":14}},"30":{"start":{"line":63,"column":8},"end":{"line":97,"column":9}},"31":{"start":{"line":86,"column":46},"end":{"line":86,"column":51}}},"fnMap":{"0":{"name":"(anonymous_0)","decl":{"start":{"line":7,"column":4},"end":{"line":7,"column":5}},"loc":{"start":{"line":7,"column":22},"end":{"line":17,"column":5}},"line":7},"1":{"name":"(anonymous_1)","decl":{"start":{"line":19,"column":26},"end":{"line":19,"column":27}},"loc":{"start":{"line":19,"column":33},"end":{"line":22,"column":5}},"line":19},"2":{"name":"(anonymous_2)","decl":{"start":{"line":21,"column":22},"end":{"line":21,"column":23}},"loc":{"start":{"line":21,"column":29},"end":{"line":21,"column":44}},"line":21},"3":{"name":"(anonymous_3)","decl":{"start":{"line":24,"column":19},"end":{"line":24,"column":20}},"loc":{"start":{"line":24,"column":26},"end":{"line":27,"column":5}},"line":24},"4":{"name":"(anonymous_4)","decl":{"start":{"line":26,"column":22},"end":{"line":26,"column":23}},"loc":{"start":{"line":26,"column":29},"end":{"line":26,"column":37}},"line":26},"5":{"name":"(anonymous_5)","decl":{"start":{"line":29,"column":21},"end":{"line":29,"column":22}},"loc":{"start":{"line":29,"column":28},"end":{"line":34,"column":5}},"line":29},"6":{"name":"(anonymous_6)","decl":{"start":{"line":32,"column":26},"end":{"line":32,"column":27}},"loc":{"start":{"line":32,"column":33},"end":{"line":32,"column":43}},"line":32},"7":{"name":"(anonymous_7)","decl":{"start":{"line":36,"column":19},"end":{"line":36,"column":20}},"loc":{"start":{"line":36,"column":34},"end":{"line":40,"column":5}},"line":36},"8":{"name":"(anonymous_8)","decl":{"start":{"line":38,"column":26},"end":{"line":38,"column":27}},"loc":{"start":{"line":38,"column":33},"end":{"line":38,"column":46}},"line":38},"9":{"name":"(anonymous_9)","decl":{"start":{"line":42,"column":20},"end":{"line":42,"column":21}},"loc":{"start":{"line":42,"column":37},"end":{"line":44,"column":5}},"line":42},"10":{"name":"(anonymous_10)","decl":{"start":{"line":43,"column":22},"end":{"line":43,"column":23}},"loc":{"start":{"line":43,"column":29},"end":{"line":43,"column":57}},"line":43},"11":{"name":"(anonymous_11)","decl":{"start":{"line":46,"column":15},"end":{"line":46,"column":16}},"loc":{"start":{"line":46,"column":22},"end":{"line":60,"column":5}},"line":46},"12":{"name":"(anonymous_12)","decl":{"start":{"line":50,"column":26},"end":{"line":50,"column":27}},"loc":{"start":{"line":50,"column":33},"end":{"line":50,"column":82}},"line":50},"13":{"name":"(anonymous_13)","decl":{"start":{"line":52,"column":26},"end":{"line":52,"column":27}},"loc":{"start":{"line":52,"column":33},"end":{"line":52,"column":46}},"line":52},"14":{"name":"(anonymous_14)","decl":{"start":{"line":62,"column":4},"end":{"line":62,"column":5}},"loc":{"start":{"line":62,"column":13},"end":{"line":98,"column":5}},"line":62},"15":{"name":"(anonymous_15)","decl":{"start":{"line":86,"column":40},"end":{"line":86,"column":41}},"loc":{"start":{"line":86,"column":46},"end":{"line":86,"column":51}},"line":86}},"branchMap":{"0":{"loc":{"start":{"line":10,"column":25},"end":{"line":10,"column":71}},"type":"cond-expr","locations":[{"start":{"line":10,"column":41},"end":{"line":10,"column":66}},{"start":{"line":10,"column":69},"end":{"line":10,"column":71}}],"line":10},"1":{"loc":{"start":{"line":11,"column":18},"end":{"line":11,"column":57}},"type":"cond-expr","locations":[{"start":{"line":11,"column":34},"end":{"line":11,"column":52}},{"start":{"line":11,"column":55},"end":{"line":11,"column":57}}],"line":11},"2":{"loc":{"start":{"line":12,"column":20},"end":{"line":12,"column":80}},"type":"cond-expr","locations":[{"start":{"line":12,"column":36},"end":{"line":12,"column":75}},{"start":{"line":12,"column":78},"end":{"line":12,"column":80}}],"line":12},"3":{"loc":{"start":{"line":13,"column":23},"end":{"line":13,"column":81}},"type":"cond-expr","locations":[{"start":{"line":13,"column":39},"end":{"line":13,"column":70}},{"start":{"line":13,"column":73},"end":{"line":13,"column":81}}],"line":13},"4":{"loc":{"start":{"line":31,"column":8},"end":{"line":33,"column":9}},"type":"if","locations":[{"start":{"line":31,"column":8},"end":{"line":33,"column":9}},{"start":{"line":31,"column":8},"end":{"line":33,"column":9}}],"line":31},"5":{"loc":{"start":{"line":31,"column":11},"end":{"line":31,"column":58}},"type":"binary-expr","locations":[{"start":{"line":31,"column":11},"end":{"line":31,"column":18}},{"start":{"line":31,"column":22},"end":{"line":31,"column":58}}],"line":31},"6":{"loc":{"start":{"line":37,"column":8},"end":{"line":39,"column":9}},"type":"if","locations":[{"start":{"line":37,"column":8},"end":{"line":39,"column":9}},{"start":{"line":37,"column":8},"end":{"line":39,"column":9}}],"line":37},"7":{"loc":{"start":{"line":49,"column":8},"end":{"line":59,"column":9}},"type":"if","locations":[{"start":{"line":49,"column":8},"end":{"line":59,"column":9}},{"start":{"line":49,"column":8},"end":{"line":59,"column":9}}],"line":49},"8":{"loc":{"start":{"line":49,"column":11},"end":{"line":49,"column":56}},"type":"binary-expr","locations":[{"start":{"line":49,"column":11},"end":{"line":49,"column":34}},{"start":{"line":49,"column":38},"end":{"line":49,"column":56}}],"line":49},"9":{"loc":{"start":{"line":65,"column":17},"end":{"line":65,"column":62}},"type":"binary-expr","locations":[{"start":{"line":65,"column":17},"end":{"line":65,"column":33}},{"start":{"line":65,"column":37},"end":{"line":65,"column":62}}],"line":65}},"s":{"0":10,"1":10,"2":10,"3":1,"4":1,"5":1,"6":10,"7":1,"8":1,"9":1,"10":10,"11":2,"12":2,"13":1,"14":1,"15":10,"16":1,"17":1,"18":1,"19":10,"20":1,"21":1,"22":10,"23":2,"24":2,"25":1,"26":1,"27":1,"28":1,"29":1,"30":17,"31":0},"f":{"0":10,"1":1,"2":1,"3":1,"4":1,"5":2,"6":1,"7":1,"8":1,"9":1,"10":1,"11":2,"12":1,"13":1,"14":17,"15":0},"b":{"0":[2,8],"1":[2,8],"2":[2,8],"3":[2,8],"4":[1,1],"5":[2,2],"6":[1,0],"7":[1,1],"8":[2,1],"9":[17,1]},"_coverageSchema":"1a1c01bbd47fc00a2c39e90264f33305004495a9","hash":"fc6a9ccedda36dc2ac5516d8a4a281f604e032f5"}
,"C:\\Javascript\\react\\expensify-app\\src\\components\\ExpenseList.js": {"path":"C:\\Javascript\\react\\expensify-app\\src\\components\\ExpenseList.js","statementMap":{"0":{"start":{"line":6,"column":27},"end":{"line":18,"column":1}},"1":{"start":{"line":7,"column":4},"end":{"line":17,"column":10}},"2":{"start":{"line":13,"column":20},"end":{"line":13,"column":76}},"3":{"start":{"line":20,"column":24},"end":{"line":24,"column":1}},"4":{"start":{"line":21,"column":4},"end":{"line":23,"column":5}}},"fnMap":{"0":{"name":"(anonymous_0)","decl":{"start":{"line":6,"column":27},"end":{"line":6,"column":28}},"loc":{"start":{"line":7,"column":4},"end":{"line":17,"column":10}},"line":7},"1":{"name":"(anonymous_1)","decl":{"start":{"line":12,"column":35},"end":{"line":12,"column":36}},"loc":{"start":{"line":12,"column":48},"end":{"line":14,"column":17}},"line":12},"2":{"name":"(anonymous_2)","decl":{"start":{"line":20,"column":24},"end":{"line":20,"column":25}},"loc":{"start":{"line":20,"column":35},"end":{"line":24,"column":1}},"line":20}},"branchMap":{"0":{"loc":{"start":{"line":9,"column":12},"end":{"line":15,"column":14}},"type":"cond-expr","locations":[{"start":{"line":10,"column":16},"end":{"line":10,"column":34}},{"start":{"line":12,"column":16},"end":{"line":14,"column":18}}],"line":9}},"s":{"0":2,"1":2,"2":3,"3":2,"4":0},"f":{"0":2,"1":3,"2":0},"b":{"0":[1,1]},"_coverageSchema":"1a1c01bbd47fc00a2c39e90264f33305004495a9","hash":"29bb0f12505aef07675ce44bea543b4253f65bf1"}
,"C:\\Javascript\\react\\expensify-app\\src\\components\\ExpenseListFilters.js": {"path":"C:\\Javascript\\react\\expensify-app\\src\\components\\ExpenseListFilters.js","statementMap":{"0":{"start":{"line":7,"column":12},"end":{"line":9,"column":5}},"1":{"start":{"line":11,"column":20},"end":{"line":14,"column":5}},"2":{"start":{"line":12,"column":8},"end":{"line":12,"column":42}},"3":{"start":{"line":13,"column":8},"end":{"line":13,"column":38}},"4":{"start":{"line":16,"column":20},"end":{"line":18,"column":5}},"5":{"start":{"line":17,"column":8},"end":{"line":17,"column":50}},"6":{"start":{"line":17,"column":29},"end":{"line":17,"column":48}},"7":{"start":{"line":20,"column":19},"end":{"line":22,"column":5}},"8":{"start":{"line":21,"column":8},"end":{"line":21,"column":48}},"9":{"start":{"line":24,"column":19},"end":{"line":30,"column":5}},"10":{"start":{"line":25,"column":8},"end":{"line":29,"column":9}},"11":{"start":{"line":26,"column":12},"end":{"line":26,"column":35}},"12":{"start":{"line":27,"column":14},"end":{"line":29,"column":9}},"13":{"start":{"line":28,"column":12},"end":{"line":28,"column":37}},"14":{"start":{"line":33,"column":8},"end":{"line":59,"column":9}},"15":{"start":{"line":56,"column":42},"end":{"line":56,"column":47}},"16":{"start":{"line":63,"column":24},"end":{"line":63,"column":63}},"17":{"start":{"line":63,"column":36},"end":{"line":63,"column":62}},"18":{"start":{"line":65,"column":27},"end":{"line":71,"column":2}},"19":{"start":{"line":65,"column":42},"end":{"line":71,"column":1}},"20":{"start":{"line":66,"column":29},"end":{"line":66,"column":58}},"21":{"start":{"line":67,"column":22},"end":{"line":67,"column":44}},"22":{"start":{"line":68,"column":24},"end":{"line":68,"column":48}},"23":{"start":{"line":69,"column":33},"end":{"line":69,"column":66}},"24":{"start":{"line":70,"column":29},"end":{"line":70,"column":58}}},"fnMap":{"0":{"name":"(anonymous_0)","decl":{"start":{"line":11,"column":20},"end":{"line":11,"column":21}},"loc":{"start":{"line":11,"column":48},"end":{"line":14,"column":5}},"line":11},"1":{"name":"(anonymous_1)","decl":{"start":{"line":16,"column":20},"end":{"line":16,"column":21}},"loc":{"start":{"line":16,"column":41},"end":{"line":18,"column":5}},"line":16},"2":{"name":"(anonymous_2)","decl":{"start":{"line":17,"column":22},"end":{"line":17,"column":23}},"loc":{"start":{"line":17,"column":29},"end":{"line":17,"column":48}},"line":17},"3":{"name":"(anonymous_3)","decl":{"start":{"line":20,"column":19},"end":{"line":20,"column":20}},"loc":{"start":{"line":20,"column":26},"end":{"line":22,"column":5}},"line":20},"4":{"name":"(anonymous_4)","decl":{"start":{"line":24,"column":19},"end":{"line":24,"column":20}},"loc":{"start":{"line":24,"column":26},"end":{"line":30,"column":5}},"line":24},"5":{"name":"(anonymous_5)","decl":{"start":{"line":32,"column":4},"end":{"line":32,"column":5}},"loc":{"start":{"line":32,"column":12},"end":{"line":60,"column":5}},"line":32},"6":{"name":"(anonymous_6)","decl":{"start":{"line":56,"column":36},"end":{"line":56,"column":37}},"loc":{"start":{"line":56,"column":42},"end":{"line":56,"column":47}},"line":56},"7":{"name":"(anonymous_7)","decl":{"start":{"line":63,"column":24},"end":{"line":63,"column":25}},"loc":{"start":{"line":63,"column":36},"end":{"line":63,"column":62}},"line":63},"8":{"name":"(anonymous_8)","decl":{"start":{"line":65,"column":27},"end":{"line":65,"column":28}},"loc":{"start":{"line":65,"column":42},"end":{"line":71,"column":1}},"line":65},"9":{"name":"(anonymous_9)","decl":{"start":{"line":66,"column":19},"end":{"line":66,"column":20}},"loc":{"start":{"line":66,"column":29},"end":{"line":66,"column":58}},"line":66},"10":{"name":"(anonymous_10)","decl":{"start":{"line":67,"column":16},"end":{"line":67,"column":17}},"loc":{"start":{"line":67,"column":22},"end":{"line":67,"column":44}},"line":67},"11":{"name":"(anonymous_11)","decl":{"start":{"line":68,"column":18},"end":{"line":68,"column":19}},"loc":{"start":{"line":68,"column":24},"end":{"line":68,"column":48}},"line":68},"12":{"name":"(anonymous_12)","decl":{"start":{"line":69,"column":18},"end":{"line":69,"column":19}},"loc":{"start":{"line":69,"column":33},"end":{"line":69,"column":66}},"line":69},"13":{"name":"(anonymous_13)","decl":{"start":{"line":70,"column":16},"end":{"line":70,"column":17}},"loc":{"start":{"line":70,"column":29},"end":{"line":70,"column":58}},"line":70}},"branchMap":{"0":{"loc":{"start":{"line":25,"column":8},"end":{"line":29,"column":9}},"type":"if","locations":[{"start":{"line":25,"column":8},"end":{"line":29,"column":9}},{"start":{"line":25,"column":8},"end":{"line":29,"column":9}}],"line":25},"1":{"loc":{"start":{"line":27,"column":14},"end":{"line":29,"column":9}},"type":"if","locations":[{"start":{"line":27,"column":14},"end":{"line":29,"column":9}},{"start":{"line":27,"column":14},"end":{"line":29,"column":9}}],"line":27}},"s":{"0":7,"1":7,"2":1,"3":1,"4":7,"5":1,"6":1,"7":7,"8":1,"9":7,"10":2,"11":1,"12":1,"13":1,"14":9,"15":0,"16":2,"17":0,"18":2,"19":0,"20":0,"21":0,"22":0,"23":0,"24":0},"f":{"0":1,"1":1,"2":1,"3":1,"4":2,"5":9,"6":0,"7":0,"8":0,"9":0,"10":0,"11":0,"12":0,"13":0},"b":{"0":[1,1],"1":[1,0]},"_coverageSchema":"1a1c01bbd47fc00a2c39e90264f33305004495a9","hash":"2afec61a3da202eae194af351da511bfc4a2c021"}
,"C:\\Javascript\\react\\expensify-app\\src\\components\\ExpenseListItem.js": {"path":"C:\\Javascript\\react\\expensify-app\\src\\components\\ExpenseListItem.js","statementMap":{"0":{"start":{"line":5,"column":31},"end":{"line":12,"column":1}},"1":{"start":{"line":6,"column":4},"end":{"line":11,"column":10}}},"fnMap":{"0":{"name":"(anonymous_0)","decl":{"start":{"line":5,"column":31},"end":{"line":5,"column":32}},"loc":{"start":{"line":6,"column":4},"end":{"line":11,"column":10}},"line":6}},"branchMap":{},"s":{"0":3,"1":1},"f":{"0":1},"b":{},"_coverageSchema":"1a1c01bbd47fc00a2c39e90264f33305004495a9","hash":"6ec25ab3846ae89d0607367d6e6750bb01a11e94"}
,"C:\\Javascript\\react\\expensify-app\\src\\components\\Header.js": {"path":"C:\\Javascript\\react\\expensify-app\\src\\components\\Header.js","statementMap":{"0":{"start":{"line":4,"column":15},"end":{"line":11,"column":1}},"1":{"start":{"line":5,"column":4},"end":{"line":10,"column":13}}},"fnMap":{"0":{"name":"(anonymous_0)","decl":{"start":{"line":4,"column":15},"end":{"line":4,"column":16}},"loc":{"start":{"line":5,"column":4},"end":{"line":10,"column":13}},"line":5}},"branchMap":{},"s":{"0":1,"1":1},"f":{"0":1},"b":{},"_coverageSchema":"1a1c01bbd47fc00a2c39e90264f33305004495a9","hash":"a6ad0ff0f3c58962ba059705c512bec413e2ae1b"}
,"C:\\Javascript\\react\\expensify-app\\src\\components\\NotFoundPage.js": {"path":"C:\\Javascript\\react\\expensify-app\\src\\components\\NotFoundPage.js","statementMap":{"0":{"start":{"line":4,"column":21},"end":{"line":8,"column":1}},"1":{"start":{"line":5,"column":4},"end":{"line":7,"column":10}}},"fnMap":{"0":{"name":"(anonymous_0)","decl":{"start":{"line":4,"column":21},"end":{"line":4,"column":22}},"loc":{"start":{"line":5,"column":4},"end":{"line":7,"column":10}},"line":5}},"branchMap":{},"s":{"0":1,"1":1},"f":{"0":1},"b":{},"_coverageSchema":"1a1c01bbd47fc00a2c39e90264f33305004495a9","hash":"a09e5a72c4df766e2ce5dc8e200acb40a7ec24b9"}
,"C:\\Javascript\\react\\expensify-app\\src\\reducers\\expenses.js": {"path":"C:\\Javascript\\react\\expensify-app\\src\\reducers\\expenses.js","statementMap":{"0":{"start":{"line":2,"column":36},"end":{"line":2,"column":38}},"1":{"start":{"line":5,"column":4},"end":{"line":26,"column":5}},"2":{"start":{"line":7,"column":12},"end":{"line":10,"column":13}},"3":{"start":{"line":12,"column":12},"end":{"line":12,"column":61}},"4":{"start":{"line":12,"column":44},"end":{"line":12,"column":60}},"5":{"start":{"line":14,"column":12},"end":{"line":23,"column":14}},"6":{"start":{"line":15,"column":16},"end":{"line":22,"column":17}},"7":{"start":{"line":16,"column":20},"end":{"line":19,"column":21}},"8":{"start":{"line":21,"column":20},"end":{"line":21,"column":34}},"9":{"start":{"line":25,"column":12},"end":{"line":25,"column":24}}},"fnMap":{"0":{"name":"(anonymous_0)","decl":{"start":{"line":4,"column":15},"end":{"line":4,"column":16}},"loc":{"start":{"line":4,"column":64},"end":{"line":27,"column":1}},"line":4},"1":{"name":"(anonymous_1)","decl":{"start":{"line":12,"column":32},"end":{"line":12,"column":33}},"loc":{"start":{"line":12,"column":44},"end":{"line":12,"column":60}},"line":12},"2":{"name":"(anonymous_2)","decl":{"start":{"line":14,"column":29},"end":{"line":14,"column":30}},"loc":{"start":{"line":14,"column":42},"end":{"line":23,"column":13}},"line":14}},"branchMap":{"0":{"loc":{"start":{"line":4,"column":16},"end":{"line":4,"column":51}},"type":"default-arg","locations":[{"start":{"line":4,"column":24},"end":{"line":4,"column":51}}],"line":4},"1":{"loc":{"start":{"line":5,"column":4},"end":{"line":26,"column":5}},"type":"switch","locations":[{"start":{"line":6,"column":8},"end":{"line":10,"column":13}},{"start":{"line":11,"column":8},"end":{"line":12,"column":61}},{"start":{"line":13,"column":8},"end":{"line":23,"column":14}},{"start":{"line":24,"column":8},"end":{"line":25,"column":24}}],"line":5},"2":{"loc":{"start":{"line":15,"column":16},"end":{"line":22,"column":17}},"type":"if","locations":[{"start":{"line":15,"column":16},"end":{"line":22,"column":17}},{"start":{"line":15,"column":16},"end":{"line":22,"column":17}}],"line":15}},"s":{"0":1,"1":6,"2":1,"3":2,"4":6,"5":2,"6":6,"7":1,"8":5,"9":1},"f":{"0":6,"1":6,"2":6},"b":{"0":[1],"1":[1,2,2,1],"2":[1,5]},"_coverageSchema":"1a1c01bbd47fc00a2c39e90264f33305004495a9","hash":"d05ae7b84854bd35442fda814ebd8cd489f56c89"}
,"C:\\Javascript\\react\\expensify-app\\src\\reducers\\filters.js": {"path":"C:\\Javascript\\react\\expensify-app\\src\\reducers\\filters.js","statementMap":{"0":{"start":{"line":3,"column":35},"end":{"line":8,"column":1}},"1":{"start":{"line":11,"column":4},"end":{"line":40,"column":5}},"2":{"start":{"line":13,"column":25},"end":{"line":13,"column":36}},"3":{"start":{"line":14,"column":12},"end":{"line":17,"column":13}},"4":{"start":{"line":19,"column":12},"end":{"line":22,"column":13}},"5":{"start":{"line":24,"column":12},"end":{"line":27,"column":13}},"6":{"start":{"line":29,"column":12},"end":{"line":32,"column":13}},"7":{"start":{"line":34,"column":12},"end":{"line":37,"column":13}},"8":{"start":{"line":39,"column":12},"end":{"line":39,"column":24}}},"fnMap":{"0":{"name":"(anonymous_0)","decl":{"start":{"line":10,"column":15},"end":{"line":10,"column":16}},"loc":{"start":{"line":10,"column":63},"end":{"line":41,"column":1}},"line":10}},"branchMap":{"0":{"loc":{"start":{"line":10,"column":16},"end":{"line":10,"column":50}},"type":"default-arg","locations":[{"start":{"line":10,"column":24},"end":{"line":10,"column":50}}],"line":10},"1":{"loc":{"start":{"line":11,"column":4},"end":{"line":40,"column":5}},"type":"switch","locations":[{"start":{"line":12,"column":8},"end":{"line":17,"column":13}},{"start":{"line":18,"column":8},"end":{"line":22,"column":13}},{"start":{"line":23,"column":8},"end":{"line":27,"column":13}},{"start":{"line":28,"column":8},"end":{"line":32,"column":13}},{"start":{"line":33,"column":8},"end":{"line":37,"column":13}},{"start":{"line":38,"column":8},"end":{"line":39,"column":24}}],"line":11}},"s":{"0":1,"1":6,"2":1,"3":1,"4":1,"5":1,"6":1,"7":1,"8":1},"f":{"0":6},"b":{"0":[5],"1":[1,1,1,1,1,1]},"_coverageSchema":"1a1c01bbd47fc00a2c39e90264f33305004495a9","hash":"1161c6d95ee52c13cf76a1bf9c9ee0138414f4f0"}
,"C:\\Javascript\\react\\expensify-app\\src\\selectors\\expenses.js": {"path":"C:\\Javascript\\react\\expensify-app\\src\\selectors\\expenses.js","statementMap":{"0":{"start":{"line":4,"column":4},"end":{"line":16,"column":6}},"1":{"start":{"line":5,"column":32},"end":{"line":5,"column":57}},"2":{"start":{"line":6,"column":31},"end":{"line":6,"column":98}},"3":{"start":{"line":7,"column":28},"end":{"line":7,"column":90}},"4":{"start":{"line":8,"column":26},"end":{"line":8,"column":88}},"5":{"start":{"line":9,"column":8},"end":{"line":9,"column":57}},"6":{"start":{"line":11,"column":8},"end":{"line":15,"column":9}},"7":{"start":{"line":12,"column":12},"end":{"line":12,"column":53}},"8":{"start":{"line":13,"column":14},"end":{"line":15,"column":9}},"9":{"start":{"line":14,"column":12},"end":{"line":14,"column":47}}},"fnMap":{"0":{"name":"(anonymous_0)","decl":{"start":{"line":3,"column":15},"end":{"line":3,"column":16}},"loc":{"start":{"line":3,"column":67},"end":{"line":17,"column":1}},"line":3},"1":{"name":"(anonymous_1)","decl":{"start":{"line":4,"column":27},"end":{"line":4,"column":28}},"loc":{"start":{"line":4,"column":40},"end":{"line":10,"column":5}},"line":4},"2":{"name":"(anonymous_2)","decl":{"start":{"line":10,"column":12},"end":{"line":10,"column":13}},"loc":{"start":{"line":10,"column":22},"end":{"line":16,"column":5}},"line":10}},"branchMap":{"0":{"loc":{"start":{"line":6,"column":31},"end":{"line":6,"column":98}},"type":"cond-expr","locations":[{"start":{"line":6,"column":43},"end":{"line":6,"column":91}},{"start":{"line":6,"column":94},"end":{"line":6,"column":98}}],"line":6},"1":{"loc":{"start":{"line":7,"column":28},"end":{"line":7,"column":90}},"type":"cond-expr","locations":[{"start":{"line":7,"column":38},"end":{"line":7,"column":83}},{"start":{"line":7,"column":86},"end":{"line":7,"column":90}}],"line":7},"2":{"loc":{"start":{"line":9,"column":15},"end":{"line":9,"column":57}},"type":"binary-expr","locations":[{"start":{"line":9,"column":15},"end":{"line":9,"column":29}},{"start":{"line":9,"column":33},"end":{"line":9,"column":44}},{"start":{"line":9,"column":48},"end":{"line":9,"column":57}}],"line":9},"3":{"loc":{"start":{"line":11,"column":8},"end":{"line":15,"column":9}},"type":"if","locations":[{"start":{"line":11,"column":8},"end":{"line":15,"column":9}},{"start":{"line":11,"column":8},"end":{"line":15,"column":9}}],"line":11},"4":{"loc":{"start":{"line":12,"column":19},"end":{"line":12,"column":53}},"type":"cond-expr","locations":[{"start":{"line":12,"column":47},"end":{"line":12,"column":48}},{"start":{"line":12,"column":51},"end":{"line":12,"column":53}}],"line":12},"5":{"loc":{"start":{"line":13,"column":14},"end":{"line":15,"column":9}},"type":"if","locations":[{"start":{"line":13,"column":14},"end":{"line":15,"column":9}},{"start":{"line":13,"column":14},"end":{"line":15,"column":9}}],"line":13},"6":{"loc":{"start":{"line":14,"column":19},"end":{"line":14,"column":47}},"type":"cond-expr","locations":[{"start":{"line":14,"column":41},"end":{"line":14,"column":42}},{"start":{"line":14,"column":45},"end":{"line":14,"column":47}}],"line":14}},"s":{"0":5,"1":15,"2":15,"3":15,"4":15,"5":15,"6":11,"7":7,"8":4,"9":4},"f":{"0":5,"1":15,"2":11},"b":{"0":[3,12],"1":[3,12],"2":[15,14,13],"3":[7,4],"4":[2,5],"5":[4,0],"6":[2,2]},"_coverageSchema":"1a1c01bbd47fc00a2c39e90264f33305004495a9","hash":"b21a28f8f48653e39702cf76f9368a7a2ff54d2c"}
,"C:\\Javascript\\react\\expensify-app\\src\\test\\fixtures\\expenses.js": {"path":"C:\\Javascript\\react\\expensify-app\\src\\test\\fixtures\\expenses.js","statementMap":{},"fnMap":{},"branchMap":{},"s":{},"f":{},"b":{},"_coverageSchema":"1a1c01bbd47fc00a2c39e90264f33305004495a9","hash":"01a0da9c64f0587bff59b634133f54ec86a2a722"}
,"C:\\Javascript\\react\\expensify-app\\src\\test\\fixtures\\filters.js": {"path":"C:\\Javascript\\react\\expensify-app\\src\\test\\fixtures\\filters.js","statementMap":{"0":{"start":{"line":3,"column":16},"end":{"line":8,"column":1}},"1":{"start":{"line":10,"column":19},"end":{"line":15,"column":1}}},"fnMap":{},"branchMap":{},"s":{"0":1,"1":1},"f":{},"b":{},"_coverageSchema":"1a1c01bbd47fc00a2c39e90264f33305004495a9","hash":"ed530d9634f33252e09a4d20297f66544b3c88e9"}
}
