TN:
SF:src\actions\expenses.js
FN:4,(anonymous_0)
FN:23,(anonymous_1)
FN:29,(anonymous_2)
FNF:3
FNH:3
FNDA:2,(anonymous_0)
FNDA:2,(anonymous_1)
FNDA:1,(anonymous_2)
DA:4,3
DA:11,2
DA:23,3
DA:29,3
LF:4
LH:4
BRDA:5,0,0,1
BRDA:6,1,0,1
BRDA:7,2,0,1
BRDA:8,3,0,1
BRDA:9,4,0,1
BRDA:23,5,0,1
BRF:6
BRH:6
end_of_record
TN:
SF:src\actions\filters.js
FN:3,(anonymous_0)
FN:9,(anonymous_1)
FN:14,(anonymous_2)
FN:19,(anonymous_3)
FN:25,(anonymous_4)
FNF:5
FNH:5
FNDA:2,(anonymous_0)
FNDA:1,(anonymous_1)
FNDA:1,(anonymous_2)
FNDA:1,(anonymous_3)
FNDA:1,(anonymous_4)
DA:3,3
DA:9,3
DA:14,3
DA:19,3
DA:25,3
LF:5
LH:5
BRDA:3,0,0,1
BRF:1
BRH:1
end_of_record
TN:
SF:src\components\AddExpensePage.js
FN:7,(anonymous_0)
FN:12,(anonymous_1)
FN:22,(anonymous_2)
FN:23,(anonymous_3)
FNF:4
FNH:2
FNDA:1,(anonymous_0)
FNDA:2,(anonymous_1)
FNDA:0,(anonymous_2)
FNDA:0,(anonymous_3)
DA:7,2
DA:8,1
DA:9,1
DA:13,2
DA:22,1
DA:23,0
LF:6
LH:5
BRF:0
BRH:0
end_of_record
TN:
SF:src\components\EditExpensePage.js
FN:8,(anonymous_0)
FN:13,(anonymous_1)
FN:18,(anonymous_2)
FN:33,(anonymous_3)
FN:35,(anonymous_4)
FN:41,(anonymous_5)
FN:42,(anonymous_6)
FN:43,(anonymous_7)
FNF:8
FNH:3
FNDA:1,(anonymous_0)
FNDA:1,(anonymous_1)
FNDA:3,(anonymous_2)
FNDA:0,(anonymous_3)
FNDA:0,(anonymous_4)
FNDA:0,(anonymous_5)
FNDA:0,(anonymous_6)
FNDA:0,(anonymous_7)
DA:8,3
DA:9,1
DA:10,1
DA:13,3
DA:14,1
DA:15,1
DA:19,3
DA:33,1
DA:34,0
DA:36,0
DA:41,1
DA:42,0
DA:43,0
LF:13
LH:9
BRF:0
BRH:0
end_of_record
TN:
SF:src\components\ExpenseDashboardPage.js
FN:5,(anonymous_0)
FNF:1
FNH:1
FNDA:1,(anonymous_0)
DA:5,1
DA:6,1
LF:2
LH:2
BRF:0
BRH:0
end_of_record
TN:
SF:src\components\ExpenseForm.js
FN:7,(anonymous_0)
FN:19,(anonymous_1)
FN:21,(anonymous_2)
FN:24,(anonymous_3)
FN:26,(anonymous_4)
FN:29,(anonymous_5)
FN:32,(anonymous_6)
FN:36,(anonymous_7)
FN:38,(anonymous_8)
FN:42,(anonymous_9)
FN:43,(anonymous_10)
FN:46,(anonymous_11)
FN:50,(anonymous_12)
FN:52,(anonymous_13)
FN:62,(anonymous_14)
FN:86,(anonymous_15)
FNF:16
FNH:15
FNDA:10,(anonymous_0)
FNDA:1,(anonymous_1)
FNDA:1,(anonymous_2)
FNDA:1,(anonymous_3)
FNDA:1,(anonymous_4)
FNDA:2,(anonymous_5)
FNDA:1,(anonymous_6)
FNDA:1,(anonymous_7)
FNDA:1,(anonymous_8)
FNDA:1,(anonymous_9)
FNDA:1,(anonymous_10)
FNDA:2,(anonymous_11)
FNDA:1,(anonymous_12)
FNDA:1,(anonymous_13)
FNDA:17,(anonymous_14)
FNDA:0,(anonymous_15)
DA:8,10
DA:9,10
DA:19,10
DA:20,1
DA:21,1
DA:24,10
DA:25,1
DA:26,1
DA:29,10
DA:30,2
DA:31,2
DA:32,1
DA:36,10
DA:37,1
DA:38,1
DA:42,10
DA:43,1
DA:46,10
DA:47,2
DA:49,2
DA:50,1
DA:52,1
DA:53,1
DA:63,17
DA:86,0
LF:25
LH:24
BRDA:10,0,0,2
BRDA:10,0,1,8
BRDA:11,1,0,2
BRDA:11,1,1,8
BRDA:12,2,0,2
BRDA:12,2,1,8
BRDA:13,3,0,2
BRDA:13,3,1,8
BRDA:31,4,0,1
BRDA:31,4,1,1
BRDA:31,5,0,2
BRDA:31,5,1,2
BRDA:37,6,0,1
BRDA:37,6,1,0
BRDA:49,7,0,1
BRDA:49,7,1,1
BRDA:49,8,0,2
BRDA:49,8,1,1
BRDA:65,9,0,17
BRDA:65,9,1,1
BRF:20
BRH:19
end_of_record
TN:
SF:src\components\ExpenseList.js
FN:6,(anonymous_0)
FN:12,(anonymous_1)
FN:20,(anonymous_2)
FNF:3
FNH:2
FNDA:2,(anonymous_0)
FNDA:3,(anonymous_1)
FNDA:0,(anonymous_2)
DA:6,2
DA:7,2
DA:13,3
DA:20,2
DA:21,0
LF:5
LH:4
BRDA:9,0,0,1
BRDA:9,0,1,1
BRF:2
BRH:2
end_of_record
TN:
SF:src\components\ExpenseListFilters.js
FN:11,(anonymous_0)
FN:16,(anonymous_1)
FN:17,(anonymous_2)
FN:20,(anonymous_3)
FN:24,(anonymous_4)
FN:32,(anonymous_5)
FN:56,(anonymous_6)
FN:63,(anonymous_7)
FN:65,(anonymous_8)
FN:66,(anonymous_9)
FN:67,(anonymous_10)
FN:68,(anonymous_11)
FN:69,(anonymous_12)
FN:70,(anonymous_13)
FNF:14
FNH:6
FNDA:1,(anonymous_0)
FNDA:1,(anonymous_1)
FNDA:1,(anonymous_2)
FNDA:1,(anonymous_3)
FNDA:2,(anonymous_4)
FNDA:9,(anonymous_5)
FNDA:0,(anonymous_6)
FNDA:0,(anonymous_7)
FNDA:0,(anonymous_8)
FNDA:0,(anonymous_9)
FNDA:0,(anonymous_10)
FNDA:0,(anonymous_11)
FNDA:0,(anonymous_12)
FNDA:0,(anonymous_13)
DA:7,7
DA:11,7
DA:12,1
DA:13,1
DA:16,7
DA:17,1
DA:20,7
DA:21,1
DA:24,7
DA:25,2
DA:26,1
DA:27,1
DA:28,1
DA:33,9
DA:56,0
DA:63,2
DA:65,2
DA:66,0
DA:67,0
DA:68,0
DA:69,0
DA:70,0
LF:22
LH:16
BRDA:25,0,0,1
BRDA:25,0,1,1
BRDA:27,1,0,1
BRDA:27,1,1,0
BRF:4
BRH:3
end_of_record
TN:
SF:src\components\ExpenseListItem.js
FN:5,(anonymous_0)
FNF:1
FNH:1
FNDA:1,(anonymous_0)
DA:5,3
DA:6,1
LF:2
LH:2
BRF:0
BRH:0
end_of_record
TN:
SF:src\components\Header.js
FN:4,(anonymous_0)
FNF:1
FNH:1
FNDA:1,(anonymous_0)
DA:4,1
DA:5,1
LF:2
LH:2
BRF:0
BRH:0
end_of_record
TN:
SF:src\components\NotFoundPage.js
FN:4,(anonymous_0)
FNF:1
FNH:1
FNDA:1,(anonymous_0)
DA:4,1
DA:5,1
LF:2
LH:2
BRF:0
BRH:0
end_of_record
TN:
SF:src\reducers\expenses.js
FN:4,(anonymous_0)
FN:12,(anonymous_1)
FN:14,(anonymous_2)
FNF:3
FNH:3
FNDA:6,(anonymous_0)
FNDA:6,(anonymous_1)
FNDA:6,(anonymous_2)
DA:2,1
DA:5,6
DA:7,1
DA:12,6
DA:14,2
DA:15,6
DA:16,1
DA:21,5
DA:25,1
LF:9
LH:9
BRDA:4,0,0,1
BRDA:5,1,0,1
BRDA:5,1,1,2
BRDA:5,1,2,2
BRDA:5,1,3,1
BRDA:15,2,0,1
BRDA:15,2,1,5
BRF:7
BRH:7
end_of_record
TN:
SF:src\reducers\filters.js
FN:10,(anonymous_0)
FNF:1
FNH:1
FNDA:6,(anonymous_0)
DA:3,1
DA:11,6
DA:13,1
DA:14,1
DA:19,1
DA:24,1
DA:29,1
DA:34,1
DA:39,1
LF:9
LH:9
BRDA:10,0,0,5
BRDA:11,1,0,1
BRDA:11,1,1,1
BRDA:11,1,2,1
BRDA:11,1,3,1
BRDA:11,1,4,1
BRDA:11,1,5,1
BRF:7
BRH:7
end_of_record
TN:
SF:src\selectors\expenses.js
FN:3,(anonymous_0)
FN:4,(anonymous_1)
FN:10,(anonymous_2)
FNF:3
FNH:3
FNDA:5,(anonymous_0)
FNDA:15,(anonymous_1)
FNDA:11,(anonymous_2)
DA:4,5
DA:5,15
DA:6,15
DA:7,15
DA:8,15
DA:9,15
DA:11,11
DA:12,7
DA:13,4
DA:14,4
LF:10
LH:10
BRDA:6,0,0,3
BRDA:6,0,1,12
BRDA:7,1,0,3
BRDA:7,1,1,12
BRDA:9,2,0,15
BRDA:9,2,1,14
BRDA:9,2,2,13
BRDA:11,3,0,7
BRDA:11,3,1,4
BRDA:12,4,0,2
BRDA:12,4,1,5
BRDA:13,5,0,4
BRDA:13,5,1,0
BRDA:14,6,0,2
BRDA:14,6,1,2
BRF:15
BRH:14
end_of_record
TN:
SF:src\test\fixtures\expenses.js
FNF:0
FNH:0
LF:0
LH:0
BRF:0
BRH:0
end_of_record
TN:
SF:src\test\fixtures\filters.js
FNF:0
FNH:0
DA:3,1
DA:10,1
LF:2
LH:2
BRF:0
BRH:0
end_of_record
